<?xml version="1.0" encoding="UTF-8"?>
<testsuite xmlns:xsi="http://www.w3.org/2001/XMLSchema-instance" xsi:noNamespaceSchemaLocation="https://maven.apache.org/surefire/maven-surefire-plugin/xsd/surefire-test-report.xsd" name="giacom.cukes.GiacomCuke" time="21" tests="58" errors="0" skipped="0" failures="0">
  <properties>
[...]
</properties>
  <testcase name="Given User will login and is on landing page" classname="Scenario: User log out path" time="0"/>
  <testcase name="Given User will logout" classname="Scenario: User log out path" time="0.001"/>
  <testcase name="When User will be on login page" classname="Scenario: User log out path" time="0"/>
  <testcase name="Then User cannot access landing page" classname="Scenario: User log out path" time="0"/>
  <testcase name="Scenario: User log out path" classname="Scenario: User log out path" time="0"/>
  <testcase name="Given User will login and is on landing page" classname="| Sit | 3 | Definiebas2 |" time="0"/>
  <testcase name="Given User will open &quot;Challenging DOM&quot; page" classname="| Sit | 3 | Definiebas2 |" time="0"/>
  <testcase name="Then User will be able verify that &quot;Definiebas2&quot; in selected &quot;3&quot; and &quot;Sit&quot; is correct" classname="| Sit | 3 | Definiebas2 |" time="0"/>
  <testcase name="| Sit | 3 | Definiebas2 |" classname="| Sit | 3 | Definiebas2 |" time="0"/>
  <testcase name="Given User will login and is on landing page" classname="| Amet | 7 | Consequuntur6 |" time="0"/>
  <testcase name="Given User will open &quot;Challenging DOM&quot; page" classname="| Amet | 7 | Consequuntur6 |" time="0"/>
  <testcase name="Then User will be able verify that &quot;Consequuntur6&quot; in selected &quot;7&quot; and &quot;Amet&quot; is correct" classname="| Amet | 7 | Consequuntur6 |" time="0"/>
  <testcase name="| Amet | 7 | Consequuntur6 |" classname="| Amet | 7 | Consequuntur6 |" time="0"/>
  <testcase name="Given User will login and is on landing page" classname="| Amet | 8 | Consequuntur7 |" time="0"/>
  <testcase name="Given User will open &quot;Challenging DOM&quot; page" classname="| Amet | 8 | Consequuntur7 |" time="0"/>
  <testcase name="Then User will be able verify that &quot;Consequuntur7&quot; in selected &quot;8&quot; and &quot;Amet&quot; is correct" classname="| Amet | 8 | Consequuntur7 |" time="0"/>
  <testcase name="| Amet | 8 | Consequuntur7 |" classname="| Amet | 8 | Consequuntur7 |" time="0"/>
  <testcase name="Given User will login and is on landing page" classname="Scenario: Not persistent checkboxes" time="0"/>
  <testcase name="Given User will open &quot;Checkboxes&quot; page" classname="Scenario: Not persistent checkboxes" time="0"/>
  <testcase name="When Checkbox 2 is &quot;checked&quot;" classname="Scenario: Not persistent checkboxes" time="0"/>
  <testcase name="Then Set checkbox 2 to &quot;unchecked&quot;" classname="Scenario: Not persistent checkboxes" time="0"/>
  <testcase name="And Set checkbox 1 to &quot;checked&quot;" classname="Scenario: Not persistent checkboxes" time="0"/>
  <testcase name="And Reload page and verify default state is set" classname="Scenario: Not persistent checkboxes" time="0"/>
  <testcase name="Scenario: Not persistent checkboxes" classname="Scenario: Not persistent checkboxes" time="0.001"/>
  <testcase name="Given User will login and is on landing page" classname="Scenario: Page with entry advertisement" time="0"/>
  <testcase name="Given User will open &quot;Entry Ad&quot; page" classname="Scenario: Page with entry advertisement" time="0"/>
  <testcase name="Then User will close modal window" classname="Scenario: Page with entry advertisement" time="0"/>
  <testcase name="Scenario: Page with entry advertisement" classname="Scenario: Page with entry advertisement" time="0"/>
  <testcase name="Given User will login and is on landing page" classname="Scenario: Basic inputs" time="0"/>
  <testcase name="Given User will open &quot;Inputs&quot; page" classname="Scenario: Basic inputs" time="0"/>
  <testcase name="When User will fill &quot;empty_data&quot; form and submit it" classname="Scenario: Basic inputs" time="0"/>
  <testcase name="And User will fill &quot;wrong_email_data&quot; form and submit it" classname="Scenario: Basic inputs" time="0"/>
  <testcase name="And User will fill &quot;all_correct_data&quot; form and submit it" classname="Scenario: Basic inputs" time="0"/>
  <testcase name="Then User will verify form was accepted" classname="Scenario: Basic inputs" time="0"/>
  <testcase name="Scenario: Basic inputs" classname="Scenario: Basic inputs" time="0"/>
  <testcase name="Given User will login and is on landing page" classname="Scenario: JavaScript Alerts" time="0"/>
  <testcase name="Given User will open &quot;Javascript Alerts&quot; page" classname="Scenario: JavaScript Alerts" time="0"/>
  <testcase name="When User will click on &quot;Click for JS Alert&quot; button" classname="Scenario: JavaScript Alerts" time="0"/>
  <testcase name="And User is able to close &quot;alert&quot; alert" classname="Scenario: JavaScript Alerts" time="0"/>
  <testcase name="And User can see &quot;successful&quot; result" classname="Scenario: JavaScript Alerts" time="0"/>
  <testcase name="And User will click on &quot;Click for JS Confirm&quot; button" classname="Scenario: JavaScript Alerts" time="0"/>
  <testcase name="And User is able to close &quot;confirm&quot; alert" classname="Scenario: JavaScript Alerts" time="0"/>
  <testcase name="And User can see &quot;clicked&quot; result" classname="Scenario: JavaScript Alerts" time="0"/>
  <testcase name="And User will click on &quot;Click for JS Prompt&quot; button" classname="Scenario: JavaScript Alerts" time="0"/>
  <testcase name="Then User is able to verify alert" classname="Scenario: JavaScript Alerts" time="0"/>
  <testcase name="And User is able to fill alert with &quot;check1&quot; value" classname="Scenario: JavaScript Alerts" time="0"/>
  <testcase name="And User can see &quot;entered&quot; result" classname="Scenario: JavaScript Alerts" time="0"/>
  <testcase name="Scenario: JavaScript Alerts" classname="Scenario: JavaScript Alerts" time="0"/>
  <testcase name="Given User will login and is on landing page" classname="Scenario: Multiple Windows" time="0"/>
  <testcase name="Given User will open &quot;Multiple Windows&quot; page" classname="Scenario: Multiple Windows" time="0"/>
  <testcase name="When User will click on &quot;Click Here&quot; link" classname="Scenario: Multiple Windows" time="0"/>
  <testcase name="And New window with text &quot;New Window&quot; is created" classname="Scenario: Multiple Windows" time="0"/>
  <testcase name="Then User can close window and focus on windows page" classname="Scenario: Multiple Windows" time="0"/>
  <testcase name="Scenario: Multiple Windows" classname="Scenario: Multiple Windows" time="0"/>
  <testcase name="Given User open login page" classname="Scenario: User log in with valid credentials" time="0"/>
  <testcase name="When User login with valid login credentials (login: &quot;admin&quot;, password: &quot;bluebird&quot;)" classname="Scenario: User log in with valid credentials" time="0"/>
  <testcase name="Then User is on landing page" classname="Scenario: User log in with valid credentials" time="0"/>
  <testcase name="Scenario: User log in with valid credentials" classname="Scenario: User log in with valid credentials" time="0"/>
</testsuite>